<?xml version="1.0" encoding="UTF-8"?>
<!-- Generated by org.testng.reporters.JUnitReportReporter -->
<testsuite hostname="DESKTOP-NP99K3J" failures="0" tests="4" name="working_with_testNG.Sample" time="0.017" errors="0" timestamp="2023-09-05T18:22:21 BST" skipped="0">
  <testcase classname="working_with_testNG.Sample" name="logout" time="0.001"/>
  <testcase classname="working_with_testNG.Sample" name="Amount" time="0.012"/>
  <testcase classname="working_with_testNG.Sample" name="login" time="0.002"/>
  <testcase classname="working_with_testNG.Sample" name="Login" time="0.002"/>
</testsuite> <!-- working_with_testNG.Sample -->
