<?xml version="1.0" encoding="UTF-8"?>
<!-- Generated by org.testng.reporters.JUnitReportReporter -->
<testsuite hostname="DESKTOP-NP99K3J" failures="0" tests="1" name="Assertions.hardAssert" time="2.299" errors="0" timestamp="2023-09-27T20:07:45 BST" skipped="0">
  <testcase classname="Assertions.hardAssert" name="login" time="2.299"/>
</testsuite> <!-- Assertions.hardAssert -->
