<?xml version="1.0" encoding="UTF-8"?>
<!-- Generated by org.testng.reporters.JUnitReportReporter -->
<testsuite hostname="DESKTOP-NP99K3J" failures="0" tests="1" name="Demo_TestScript.TC_AddToCart_001" time="5.132" errors="0" timestamp="2023-09-22T19:59:11 BST" skipped="0">
  <testcase classname="Demo_TestScript.TC_AddToCart_001" name="login" time="5.132"/>
</testsuite> <!-- Demo_TestScript.TC_AddToCart_001 -->
