<?xml version="1.0" encoding="UTF-8"?>
<!-- Generated by org.testng.reporters.JUnitReportReporter -->
<testsuite hostname="DESKTOP-NP99K3J" failures="0" tests="5" name="working_with_testNG.InvocationCount" time="0.019" errors="0" timestamp="2023-09-06T18:51:55 BST" skipped="0">
  <testcase classname="working_with_testNG.InvocationCount" name="message" time="0.002"/>
  <testcase classname="working_with_testNG.InvocationCount" name="message" time="0.002"/>
  <testcase classname="working_with_testNG.InvocationCount" name="home" time="0.011"/>
  <testcase classname="working_with_testNG.InvocationCount" name="message" time="0.002"/>
  <testcase classname="working_with_testNG.InvocationCount" name="contact" time="0.002"/>
</testsuite> <!-- working_with_testNG.InvocationCount -->
