<?xml version="1.0" encoding="UTF-8"?>
<!-- Generated by org.testng.reporters.JUnitReportReporter -->
<testsuite hostname="DESKTOP-NP99K3J" failures="0" tests="4" name="working_with_testNG.Depedency" time="0.024" errors="0" timestamp="2023-09-05T19:50:22 BST" skipped="0">
  <testcase classname="working_with_testNG.Depedency" name="register" time="0.002"/>
  <testcase classname="working_with_testNG.Depedency" name="login" time="0.002"/>
  <testcase classname="working_with_testNG.Depedency" name="logout" time="0.002"/>
  <testcase classname="working_with_testNG.Depedency" name="home" time="0.018"/>
</testsuite> <!-- working_with_testNG.Depedency -->
