<?xml version="1.0" encoding="UTF-8"?>
<!-- Generated by org.testng.reporters.JUnitReportReporter -->
<testsuite hostname="DESKTOP-NP99K3J" failures="0" tests="2" name="Test_Scripts.URL2" time="6.407" errors="0" timestamp="2023-09-20T17:31:45 BST" skipped="0">
  <testcase classname="Test_Scripts.URL2" name="flipkat" time="3.198"/>
  <testcase classname="Test_Scripts.URL2" name="flipkat" time="3.209"/>
</testsuite> <!-- Test_Scripts.URL2 -->
