<?xml version="1.0" encoding="UTF-8"?>
<!-- Generated by org.testng.reporters.JUnitReportReporter -->
<testsuite hostname="DESKTOP-NP99K3J" failures="0" tests="4" name="working_with_testNG.Description" time="0.014" errors="0" timestamp="2023-09-06T18:07:37 BST" skipped="0">
  <testcase classname="working_with_testNG.Description" name="logout" time="0.001"/>
  <testcase classname="working_with_testNG.Description" name="home" time="0.011"/>
  <testcase classname="working_with_testNG.Description" name="login" time="0.001"/>
  <testcase classname="working_with_testNG.Description" name="register" time="0.001"/>
</testsuite> <!-- working_with_testNG.Description -->
