<?xml version="1.0" encoding="UTF-8"?>
<!-- Generated by org.testng.reporters.JUnitReportReporter -->
<testsuite hostname="DESKTOP-NP99K3J" failures="0" tests="2" name="working_with_testNG.BeforeClass_AfterClass" time="0.008" errors="0" timestamp="2023-09-07T18:34:50 BST" skipped="0">
  <testcase classname="working_with_testNG.BeforeClass_AfterClass" name="test1" time="0.002"/>
  <testcase classname="working_with_testNG.BeforeClass_AfterClass" name="test" time="0.006"/>
</testsuite> <!-- working_with_testNG.BeforeClass_AfterClass -->
