<?xml version="1.0" encoding="UTF-8"?>
<!-- Generated by org.testng.reporters.JUnitReportReporter -->
<testsuite hostname="DESKTOP-NP99K3J" failures="0" tests="1" name="Test_Scripts.URL1" time="0.930" errors="0" timestamp="2023-09-22T19:59:37 BST" skipped="0">
  <testcase classname="Test_Scripts.URL1" name="amazon" time="0.930"/>
</testsuite> <!-- Test_Scripts.URL1 -->
