<?xml version="1.0" encoding="UTF-8"?>
<!-- Generated by org.testng.reporters.JUnitReportReporter -->
<testsuite hostname="DESKTOP-NP99K3J" failures="0" tests="1" name="Test_Scripts.TC_GooglePixel_005" time="7.506" errors="0" timestamp="2023-09-14T18:44:13 BST" skipped="0">
  <testcase classname="Test_Scripts.TC_GooglePixel_005" name="GooglePixel" time="7.506"/>
</testsuite> <!-- Test_Scripts.TC_GooglePixel_005 -->
