<?xml version="1.0" encoding="UTF-8"?>
<!-- Generated by org.testng.reporters.JUnitReportReporter -->
<testsuite hostname="DESKTOP-NP99K3J" failures="0" tests="1" name="Project_Pratice.base_class" time="4.933" errors="0" timestamp="2023-09-17T13:32:48 BST" skipped="0">
  <testcase classname="Project_Pratice.base_class" name="MAIN" time="4.933"/>
</testsuite> <!-- Project_Pratice.base_class -->
