<?xml version="1.0" encoding="UTF-8"?>
<!-- Generated by org.testng.reporters.JUnitReportReporter -->
<testsuite hostname="DESKTOP-NP99K3J" failures="0" tests="1" name="Test_Scripts.TC_Apple_001" time="14.938" errors="0" timestamp="2023-09-14T18:44:13 BST" skipped="0">
  <testcase classname="Test_Scripts.TC_Apple_001" name="Apple" time="14.938"/>
</testsuite> <!-- Test_Scripts.TC_Apple_001 -->
