<?xml version="1.0" encoding="UTF-8"?>
<!-- Generated by org.testng.reporters.JUnitReportReporter -->
<testsuite hostname="DESKTOP-NP99K3J" failures="0" tests="4" name="DataReader.TowD_dataReader_Excel" time="17.108" errors="0" timestamp="2023-09-27T19:58:49 BST" skipped="0">
  <testcase classname="DataReader.TowD_dataReader_Excel" name="ABC" time="3.977"/>
  <testcase classname="DataReader.TowD_dataReader_Excel" name="ABC" time="4.178"/>
  <testcase classname="DataReader.TowD_dataReader_Excel" name="ABC" time="4.908"/>
  <testcase classname="DataReader.TowD_dataReader_Excel" name="ABC" time="4.045"/>
</testsuite> <!-- DataReader.TowD_dataReader_Excel -->
