<?xml version="1.0" encoding="UTF-8"?>
<!-- Generated by org.testng.reporters.JUnitReportReporter -->
<testsuite hostname="DESKTOP-NP99K3J" failures="0" tests="8" name="working_with_testNG.Priority" time="0.029" errors="0" timestamp="2023-09-05T19:01:22 BST" skipped="0">
  <testcase classname="working_with_testNG.Priority" name="home" time="0.012"/>
  <testcase classname="working_with_testNG.Priority" name="login" time="0.003"/>
  <testcase classname="working_with_testNG.Priority" name="product" time="0.003"/>
  <testcase classname="working_with_testNG.Priority" name="AddtoCart" time="0.002"/>
  <testcase classname="working_with_testNG.Priority" name="payment" time="0.002"/>
  <testcase classname="working_with_testNG.Priority" name="Shipping" time="0.002"/>
  <testcase classname="working_with_testNG.Priority" name="Delivered" time="0.002"/>
  <testcase classname="working_with_testNG.Priority" name="logout" time="0.003"/>
</testsuite> <!-- working_with_testNG.Priority -->
